{"component":"virt-launcher","level":"info","msg":"Collected all requested hook sidecar sockets","pos":"manager.go:68","timestamp":"2020-02-14T09:03:53.187153Z"}
{"component":"virt-launcher","level":"info","msg":"Sorted all collected sidecar sockets per hook point based on their priority and name: map[]","pos":"manager.go:71","timestamp":"2020-02-14T09:03:53.187309Z"}
{"component":"virt-launcher","level":"info","msg":"Watchdog file created at /var/run/kubevirt/watchdog-files/kubevirt-test-default_testvmif7h458q72pv5pvpl72t28p6wp7znsms67vxbr7r4gzczxfcl","pos":"virt-launcher.go:143","timestamp":"2020-02-14T09:03:53.191607Z"}
{"component":"virt-launcher","level":"info","msg":"Connecting to libvirt daemon: qemu:///system","pos":"libvirt.go:355","timestamp":"2020-02-14T09:03:53.194792Z"}
{"component":"virt-launcher","level":"info","msg":"Connecting to libvirt daemon failed: virError(Code=38, Domain=7, Message='Failed to connect socket to '/var/run/libvirt/libvirt-sock': No such file or directory')","pos":"libvirt.go:363","timestamp":"2020-02-14T09:03:53.196018Z"}
{"component":"virt-launcher","level":"info","msg":"libvirt version: 5.6.0, package: 7.fc31 (Unknown, 2019-11-22-21:16:59, )","subcomponent":"libvirt","thread":"43","timestamp":"2020-02-14T09:03:53.225000Z"}
{"component":"virt-launcher","level":"info","msg":"hostname: testvmif7h458q72pv5pvpl72t28p6wp7znsms67vxbr7r4gzczxfcl","subcomponent":"libvirt","thread":"43","timestamp":"2020-02-14T09:03:53.225000Z"}
{"component":"virt-launcher","level":"error","msg":"internal error: Unable to get DBus system bus connection: Failed to connect to socket /run/dbus/system_bus_socket: No such file or directory","pos":"virDBusGetSystemBus:108","subcomponent":"libvirt","thread":"43","timestamp":"2020-02-14T09:03:53.225000Z"}
{"component":"virt-launcher","level":"error","msg":"internal error: Child process (/usr/sbin/dmidecode -q -t 0,1,2,3,4,17) unexpected exit status 1: /dev/mem: No such file or directory","pos":"virCommandWait:2792","subcomponent":"libvirt","thread":"43","timestamp":"2020-02-14T09:03:53.229000Z"}
{"component":"virt-launcher","level":"info","msg":"Connected to libvirt daemon","pos":"libvirt.go:371","timestamp":"2020-02-14T09:03:53.698082Z"}
{"component":"virt-launcher","level":"info","msg":"Registered libvirt event notify callback","pos":"client.go:294","timestamp":"2020-02-14T09:03:53.707312Z"}
{"component":"virt-launcher","level":"info","msg":"Marked as ready","pos":"virt-launcher.go:73","timestamp":"2020-02-14T09:03:53.707983Z"}
{"component":"virt-launcher","kind":"","level":"info","msg":"Executing PreStartHook on VMI pod environment","name":"testvmif7h458q72pv5pvpl72t28p6wp7znsms67vxbr7r4gzczxfcl","namespace":"kubevirt-test-default","pos":"manager.go:775","timestamp":"2020-02-14T09:03:56.428283Z","uid":"60d5ae41-09e7-46e0-9f5f-add41c45f071"}
{"component":"virt-launcher","kind":"","level":"info","msg":"Starting PreCloudInitIso hook","name":"testvmif7h458q72pv5pvpl72t28p6wp7znsms67vxbr7r4gzczxfcl","namespace":"kubevirt-test-default","pos":"manager.go:794","timestamp":"2020-02-14T09:03:56.428373Z","uid":"60d5ae41-09e7-46e0-9f5f-add41c45f071"}
{"component":"virt-launcher","level":"info","msg":"generated nocloud iso file /var/run/kubevirt-ephemeral-disks/cloud-init-data/kubevirt-test-default/testvmif7h458q72pv5pvpl72t28p6wp7znsms67vxbr7r4gzczxfcl/noCloud.iso","pos":"cloud-init.go:449","timestamp":"2020-02-14T09:03:56.436312Z"}
{"component":"virt-launcher","kind":"","level":"info","msg":"masquerade pod interface: VIF: { Name: eth0, IP: 10.0.2.2, Mask: ffffff00, MAC: 02:00:00:f9:58:c1, Gateway: 10.0.2.1, MTU: 1440}","name":"testvmif7h458q72pv5pvpl72t28p6wp7znsms67vxbr7r4gzczxfcl","namespace":"kubevirt-test-default","pos":"podinterface.go:446","timestamp":"2020-02-14T09:03:56.517435Z","uid":"60d5ae41-09e7-46e0-9f5f-add41c45f071"}
{"component":"virt-launcher","level":"info","msg":"Found nameservers in /etc/resolv.conf: \n`\u0000\n","pos":"converter.go:1508","timestamp":"2020-02-14T09:03:56.517595Z"}
{"component":"virt-launcher","level":"info","msg":"Found search domains in /etc/resolv.conf: kubevirt-test-default.svc.cluster.local svc.cluster.local cluster.local","pos":"converter.go:1509","timestamp":"2020-02-14T09:03:56.517639Z"}
{"component":"virt-launcher","level":"info","msg":"Starting SingleClientDHCPServer","pos":"dhcp.go:64","timestamp":"2020-02-14T09:03:56.517781Z"}
{"component":"virt-launcher","level":"info","msg":"Driver cache mode for /var/run/kubevirt-ephemeral-disks/disk-data/disk0/disk.qcow2 set to none","pos":"converter.go:175","timestamp":"2020-02-14T09:03:56.530843Z"}
{"component":"virt-launcher","level":"info","msg":"Driver cache mode for /var/run/kubevirt-ephemeral-disks/cloud-init-data/kubevirt-test-default/testvmif7h458q72pv5pvpl72t28p6wp7znsms67vxbr7r4gzczxfcl/noCloud.iso set to none","pos":"converter.go:175","timestamp":"2020-02-14T09:03:56.530919Z"}
{"component":"virt-launcher","kind":"","level":"info","msg":"Domain defined.","name":"testvmif7h458q72pv5pvpl72t28p6wp7znsms67vxbr7r4gzczxfcl","namespace":"kubevirt-test-default","pos":"manager.go:1054","timestamp":"2020-02-14T09:03:56.538720Z","uid":"60d5ae41-09e7-46e0-9f5f-add41c45f071"}
{"component":"virt-launcher","level":"info","msg":"DomainLifecycle event 0 with reason 0 received","pos":"client.go:259","timestamp":"2020-02-14T09:03:56.538993Z"}
{"component":"virt-launcher","level":"error","msg":"internal error: Unable to get DBus system bus connection: Failed to connect to socket /run/dbus/system_bus_socket: No such file or directory","pos":"virDBusGetSystemBus:108","subcomponent":"libvirt","thread":"29","timestamp":"2020-02-14T09:03:56.549000Z"}
{"component":"virt-launcher","level":"error","msg":"At least one cgroup controller is required: No such device or address","pos":"virCgroupDetect:419","subcomponent":"libvirt","thread":"29","timestamp":"2020-02-14T09:03:56.575000Z"}
{"component":"virt-launcher","level":"info","msg":"kubevirt domain status: Paused(3):StartingUp(11)","pos":"client.go:180","timestamp":"2020-02-14T09:03:56.600860Z"}
{"component":"virt-launcher","level":"info","msg":"Detected domain with UUID 3766d831-1762-4d22-ba89-e6df7d57f6fd","pos":"virt-launcher.go:234","timestamp":"2020-02-14T09:03:56.603589Z"}
{"component":"virt-launcher","level":"info","msg":"Monitoring loop: rate 1s start timeout 5m0s","pos":"monitor.go:237","timestamp":"2020-02-14T09:03:56.603650Z"}
{"component":"virt-launcher","level":"info","msg":"GuestAgentLifecycle event state 2 with reason 1 received","pos":"client.go:277","timestamp":"2020-02-14T09:03:56.674485Z"}
{"component":"virt-launcher","level":"info","msg":"kubevirt domain status: Paused(3):StartingUp(11)","pos":"client.go:180","timestamp":"2020-02-14T09:03:56.679324Z"}
{"component":"virt-launcher","level":"info","msg":"DomainLifecycle event 4 with reason 0 received","pos":"client.go:259","timestamp":"2020-02-14T09:03:57.275645Z"}
{"component":"virt-launcher","level":"info","msg":"DomainLifecycle event 2 with reason 0 received","pos":"client.go:259","timestamp":"2020-02-14T09:03:57.275751Z"}
{"component":"virt-launcher","kind":"","level":"info","msg":"Domain started.","name":"testvmif7h458q72pv5pvpl72t28p6wp7znsms67vxbr7r4gzczxfcl","namespace":"kubevirt-test-default","pos":"manager.go:1085","timestamp":"2020-02-14T09:03:57.280515Z","uid":"60d5ae41-09e7-46e0-9f5f-add41c45f071"}
{"component":"virt-launcher","kind":"","level":"info","msg":"Synced vmi","name":"testvmif7h458q72pv5pvpl72t28p6wp7znsms67vxbr7r4gzczxfcl","namespace":"kubevirt-test-default","pos":"server.go:167","timestamp":"2020-02-14T09:03:57.282398Z","uid":"60d5ae41-09e7-46e0-9f5f-add41c45f071"}
{"component":"virt-launcher","level":"info","msg":"kubevirt domain status: Running(1):Unknown(1)","pos":"client.go:180","timestamp":"2020-02-14T09:03:57.289487Z"}
{"component":"virt-launcher","level":"info","msg":"kubevirt domain status: Running(1):Unknown(1)","pos":"client.go:180","timestamp":"2020-02-14T09:03:57.302921Z"}
{"component":"virt-launcher","kind":"","level":"info","msg":"Synced vmi","name":"testvmif7h458q72pv5pvpl72t28p6wp7znsms67vxbr7r4gzczxfcl","namespace":"kubevirt-test-default","pos":"server.go:167","timestamp":"2020-02-14T09:03:57.374358Z","uid":"60d5ae41-09e7-46e0-9f5f-add41c45f071"}
{"component":"virt-launcher","kind":"","level":"info","msg":"Synced vmi","name":"testvmif7h458q72pv5pvpl72t28p6wp7znsms67vxbr7r4gzczxfcl","namespace":"kubevirt-test-default","pos":"server.go:167","timestamp":"2020-02-14T09:03:57.387144Z","uid":"60d5ae41-09e7-46e0-9f5f-add41c45f071"}
{"component":"virt-launcher","level":"info","msg":"Found PID for 3766d831-1762-4d22-ba89-e6df7d57f6fd: 119","pos":"monitor.go:206","timestamp":"2020-02-14T09:03:57.607913Z"}
